{"C:\\AA_MAIN\\pruebas\\HappyPaws\\app.js": {"path":"C:\\AA_MAIN\\pruebas\\HappyPaws\\app.js","statementMap":{"0":{"start":{"line":1,"column":16},"end":{"line":1,"column":34}},"1":{"start":{"line":3,"column":0},"end":{"line":3,"column":22}},"2":{"start":{"line":7,"column":13},"end":{"line":7,"column":28}},"3":{"start":{"line":10,"column":12},"end":{"line":10,"column":21}},"4":{"start":{"line":13,"column":0},"end":{"line":13,"column":16}},"5":{"start":{"line":15,"column":0},"end":{"line":15,"column":16}},"6":{"start":{"line":16,"column":0},"end":{"line":16,"column":24}},"7":{"start":{"line":17,"column":0},"end":{"line":17,"column":24}},"8":{"start":{"line":20,"column":0},"end":{"line":20,"column":38}},"9":{"start":{"line":21,"column":0},"end":{"line":21,"column":34}},"10":{"start":{"line":22,"column":0},"end":{"line":22,"column":35}},"11":{"start":{"line":23,"column":0},"end":{"line":23,"column":34}},"12":{"start":{"line":24,"column":0},"end":{"line":24,"column":35}},"13":{"start":{"line":26,"column":0},"end":{"line":26,"column":21}}},"fnMap":{},"branchMap":{},"s":{"0":4,"1":4,"2":4,"3":4,"4":4,"5":4,"6":4,"7":4,"8":4,"9":4,"10":4,"11":4,"12":4,"13":4},"f":{},"b":{},"_coverageSchema":"1a1c01bbd47fc00a2c39e90264f33305004495a9","hash":"e0d44779abc7f1d8cf3e1ac91943264e760df692"}
,"C:\\AA_MAIN\\pruebas\\HappyPaws\\database.js": {"path":"C:\\AA_MAIN\\pruebas\\HappyPaws\\database.js","statementMap":{"0":{"start":{"line":1,"column":17},"end":{"line":1,"column":36}},"1":{"start":{"line":2,"column":24},"end":{"line":2,"column":99}},"2":{"start":{"line":4,"column":9},"end":{"line":4,"column":28}},"3":{"start":{"line":6,"column":0},"end":{"line":9,"column":3}},"4":{"start":{"line":7,"column":4},"end":{"line":7,"column":43}},"5":{"start":{"line":8,"column":4},"end":{"line":8,"column":48}},"6":{"start":{"line":10,"column":0},"end":{"line":13,"column":3}},"7":{"start":{"line":11,"column":4},"end":{"line":11,"column":52}},"8":{"start":{"line":12,"column":4},"end":{"line":12,"column":48}},"9":{"start":{"line":15,"column":0},"end":{"line":15,"column":34}},"10":{"start":{"line":18,"column":0},"end":{"line":18,"column":20}}},"fnMap":{"0":{"name":"(anonymous_0)","decl":{"start":{"line":6,"column":19},"end":{"line":6,"column":20}},"loc":{"start":{"line":6,"column":23},"end":{"line":9,"column":1}},"line":6},"1":{"name":"(anonymous_1)","decl":{"start":{"line":10,"column":18},"end":{"line":10,"column":19}},"loc":{"start":{"line":10,"column":22},"end":{"line":13,"column":1}},"line":10}},"branchMap":{},"s":{"0":3,"1":3,"2":3,"3":3,"4":3,"5":3,"6":3,"7":0,"8":0,"9":3,"10":3},"f":{"0":3,"1":0},"b":{},"_coverageSchema":"1a1c01bbd47fc00a2c39e90264f33305004495a9","hash":"982d33339e2734aa371d57307913a3410d3f4355"}
,"C:\\AA_MAIN\\pruebas\\HappyPaws\\models\\AdminModel.js": {"path":"C:\\AA_MAIN\\pruebas\\HappyPaws\\models\\AdminModel.js","statementMap":{"0":{"start":{"line":2,"column":23},"end":{"line":2,"column":42}},"1":{"start":{"line":5,"column":19},"end":{"line":30,"column":2}},"2":{"start":{"line":33,"column":0},"end":{"line":33,"column":43}}},"fnMap":{},"branchMap":{},"s":{"0":4,"1":4,"2":4},"f":{},"b":{},"_coverageSchema":"1a1c01bbd47fc00a2c39e90264f33305004495a9","hash":"843d77a604d24883d208f31ce7a381e9b3a05ad2"}
,"C:\\AA_MAIN\\pruebas\\HappyPaws\\models\\DogModel.js": {"path":"C:\\AA_MAIN\\pruebas\\HappyPaws\\models\\DogModel.js","statementMap":{"0":{"start":{"line":2,"column":15},"end":{"line":2,"column":34}},"1":{"start":{"line":5,"column":23},"end":{"line":5,"column":42}},"2":{"start":{"line":8,"column":18},"end":{"line":61,"column":2}},"3":{"start":{"line":64,"column":0},"end":{"line":64,"column":40}}},"fnMap":{},"branchMap":{},"s":{"0":4,"1":4,"2":4,"3":4},"f":{},"b":{},"_coverageSchema":"1a1c01bbd47fc00a2c39e90264f33305004495a9","hash":"1dd860af8a9a8ab44246171cb135acbd8fc6970a"}
,"C:\\AA_MAIN\\pruebas\\HappyPaws\\models\\InfodogModel.js": {"path":"C:\\AA_MAIN\\pruebas\\HappyPaws\\models\\InfodogModel.js","statementMap":{"0":{"start":{"line":2,"column":23},"end":{"line":2,"column":42}},"1":{"start":{"line":5,"column":20},"end":{"line":34,"column":2}},"2":{"start":{"line":36,"column":0},"end":{"line":36,"column":48}}},"fnMap":{},"branchMap":{},"s":{"0":4,"1":4,"2":4},"f":{},"b":{},"_coverageSchema":"1a1c01bbd47fc00a2c39e90264f33305004495a9","hash":"367055843493b9491a41d81d8098ca08fa1eef10"}
,"C:\\AA_MAIN\\pruebas\\HappyPaws\\models\\UserModel.js": {"path":"C:\\AA_MAIN\\pruebas\\HappyPaws\\models\\UserModel.js","statementMap":{"0":{"start":{"line":2,"column":15},"end":{"line":2,"column":34}},"1":{"start":{"line":5,"column":23},"end":{"line":5,"column":42}},"2":{"start":{"line":8,"column":18},"end":{"line":33,"column":2}},"3":{"start":{"line":36,"column":0},"end":{"line":40,"column":1}},"4":{"start":{"line":37,"column":15},"end":{"line":37,"column":41}},"5":{"start":{"line":39,"column":4},"end":{"line":39,"column":16}},"6":{"start":{"line":42,"column":0},"end":{"line":46,"column":1}},"7":{"start":{"line":45,"column":4},"end":{"line":45,"column":50}},"8":{"start":{"line":49,"column":0},"end":{"line":49,"column":41}}},"fnMap":{"0":{"name":"(anonymous_0)","decl":{"start":{"line":36,"column":36},"end":{"line":36,"column":37}},"loc":{"start":{"line":36,"column":46},"end":{"line":40,"column":1}},"line":36},"1":{"name":"(anonymous_1)","decl":{"start":{"line":42,"column":35},"end":{"line":42,"column":36}},"loc":{"start":{"line":42,"column":51},"end":{"line":46,"column":1}},"line":42}},"branchMap":{},"s":{"0":4,"1":4,"2":4,"3":4,"4":0,"5":0,"6":4,"7":0,"8":4},"f":{"0":0,"1":0},"b":{},"_coverageSchema":"1a1c01bbd47fc00a2c39e90264f33305004495a9","hash":"6e13d19833252031f7d0f35793eac053c9eac4c7"}
,"C:\\AA_MAIN\\pruebas\\HappyPaws\\routes\\admin.js": {"path":"C:\\AA_MAIN\\pruebas\\HappyPaws\\routes\\admin.js","statementMap":{"0":{"start":{"line":1,"column":17},"end":{"line":1,"column":35}},"1":{"start":{"line":2,"column":15},"end":{"line":2,"column":23}},"2":{"start":{"line":5,"column":14},"end":{"line":5,"column":45}},"3":{"start":{"line":8,"column":0},"end":{"line":15,"column":3}},"4":{"start":{"line":9,"column":4},"end":{"line":14,"column":5}},"5":{"start":{"line":10,"column":25},"end":{"line":10,"column":43}},"6":{"start":{"line":11,"column":8},"end":{"line":11,"column":39}},"7":{"start":{"line":13,"column":8},"end":{"line":13,"column":90}},"8":{"start":{"line":18,"column":0},"end":{"line":36,"column":3}},"9":{"start":{"line":19,"column":4},"end":{"line":35,"column":5}},"10":{"start":{"line":21,"column":19},"end":{"line":21,"column":32}},"11":{"start":{"line":24,"column":24},"end":{"line":24,"column":53}},"12":{"start":{"line":27,"column":8},"end":{"line":29,"column":9}},"13":{"start":{"line":28,"column":12},"end":{"line":28,"column":75}},"14":{"start":{"line":32,"column":8},"end":{"line":32,"column":38}},"15":{"start":{"line":34,"column":8},"end":{"line":34,"column":74}},"16":{"start":{"line":38,"column":0},"end":{"line":55,"column":3}},"17":{"start":{"line":39,"column":4},"end":{"line":54,"column":5}},"18":{"start":{"line":41,"column":27},"end":{"line":48,"column":10}},"19":{"start":{"line":50,"column":30},"end":{"line":50,"column":55}},"20":{"start":{"line":51,"column":8},"end":{"line":51,"column":46}},"21":{"start":{"line":53,"column":8},"end":{"line":53,"column":36}},"22":{"start":{"line":57,"column":0},"end":{"line":57,"column":24}}},"fnMap":{"0":{"name":"(anonymous_0)","decl":{"start":{"line":8,"column":21},"end":{"line":8,"column":22}},"loc":{"start":{"line":8,"column":37},"end":{"line":15,"column":1}},"line":8},"1":{"name":"(anonymous_1)","decl":{"start":{"line":18,"column":25},"end":{"line":18,"column":26}},"loc":{"start":{"line":18,"column":41},"end":{"line":36,"column":1}},"line":18},"2":{"name":"(anonymous_2)","decl":{"start":{"line":38,"column":22},"end":{"line":38,"column":23}},"loc":{"start":{"line":38,"column":38},"end":{"line":55,"column":1}},"line":38}},"branchMap":{"0":{"loc":{"start":{"line":27,"column":8},"end":{"line":29,"column":9}},"type":"if","locations":[{"start":{"line":27,"column":8},"end":{"line":29,"column":9}},{"start":{},"end":{}}],"line":27}},"s":{"0":4,"1":4,"2":4,"3":4,"4":2,"5":2,"6":1,"7":1,"8":4,"9":3,"10":3,"11":3,"12":2,"13":1,"14":1,"15":1,"16":4,"17":3,"18":3,"19":3,"20":1,"21":2,"22":4},"f":{"0":2,"1":3,"2":3},"b":{"0":[1,1]},"_coverageSchema":"1a1c01bbd47fc00a2c39e90264f33305004495a9","hash":"dd755e6b0a57e016144e2fa96cdb0b0b15719030"}
,"C:\\AA_MAIN\\pruebas\\HappyPaws\\routes\\archivos.js": {"path":"C:\\AA_MAIN\\pruebas\\HappyPaws\\routes\\archivos.js","statementMap":{"0":{"start":{"line":1,"column":17},"end":{"line":1,"column":35}},"1":{"start":{"line":2,"column":15},"end":{"line":2,"column":32}},"2":{"start":{"line":3,"column":15},"end":{"line":3,"column":23}},"3":{"start":{"line":4,"column":13},"end":{"line":4,"column":28}},"4":{"start":{"line":6,"column":16},"end":{"line":13,"column":2}},"5":{"start":{"line":8,"column":8},"end":{"line":8,"column":45}},"6":{"start":{"line":11,"column":8},"end":{"line":11,"column":35}},"7":{"start":{"line":16,"column":15},"end":{"line":16,"column":40}},"8":{"start":{"line":19,"column":0},"end":{"line":24,"column":3}},"9":{"start":{"line":20,"column":25},"end":{"line":20,"column":46}},"10":{"start":{"line":21,"column":22},"end":{"line":21,"column":45}},"11":{"start":{"line":23,"column":4},"end":{"line":23,"column":24}},"12":{"start":{"line":26,"column":0},"end":{"line":26,"column":24}}},"fnMap":{"0":{"name":"(anonymous_0)","decl":{"start":{"line":7,"column":17},"end":{"line":7,"column":18}},"loc":{"start":{"line":7,"column":37},"end":{"line":9,"column":5}},"line":7},"1":{"name":"(anonymous_1)","decl":{"start":{"line":10,"column":14},"end":{"line":10,"column":15}},"loc":{"start":{"line":10,"column":35},"end":{"line":12,"column":5}},"line":10},"2":{"name":"(anonymous_2)","decl":{"start":{"line":19,"column":47},"end":{"line":19,"column":48}},"loc":{"start":{"line":19,"column":58},"end":{"line":24,"column":1}},"line":19}},"branchMap":{},"s":{"0":5,"1":5,"2":5,"3":5,"4":5,"5":1,"6":1,"7":5,"8":5,"9":1,"10":1,"11":1,"12":5},"f":{"0":1,"1":1,"2":1},"b":{},"_coverageSchema":"1a1c01bbd47fc00a2c39e90264f33305004495a9","hash":"c81a67d6618a81535e323e2c235bb489f311bf46"}
,"C:\\AA_MAIN\\pruebas\\HappyPaws\\routes\\dogs.js": {"path":"C:\\AA_MAIN\\pruebas\\HappyPaws\\routes\\dogs.js","statementMap":{"0":{"start":{"line":1,"column":17},"end":{"line":1,"column":35}},"1":{"start":{"line":2,"column":15},"end":{"line":2,"column":23}},"2":{"start":{"line":4,"column":11},"end":{"line":4,"column":33}},"3":{"start":{"line":5,"column":19},"end":{"line":5,"column":40}},"4":{"start":{"line":6,"column":17},"end":{"line":6,"column":36}},"5":{"start":{"line":7,"column":17},"end":{"line":7,"column":40}},"6":{"start":{"line":10,"column":12},"end":{"line":10,"column":41}},"7":{"start":{"line":13,"column":0},"end":{"line":20,"column":3}},"8":{"start":{"line":14,"column":4},"end":{"line":19,"column":5}},"9":{"start":{"line":15,"column":25},"end":{"line":15,"column":41}},"10":{"start":{"line":16,"column":8},"end":{"line":16,"column":39}},"11":{"start":{"line":18,"column":8},"end":{"line":18,"column":68}},"12":{"start":{"line":23,"column":0},"end":{"line":43,"column":3}},"13":{"start":{"line":24,"column":4},"end":{"line":42,"column":5}},"14":{"start":{"line":26,"column":28},"end":{"line":26,"column":45}},"15":{"start":{"line":29,"column":22},"end":{"line":31,"column":10}},"16":{"start":{"line":34,"column":8},"end":{"line":36,"column":9}},"17":{"start":{"line":35,"column":12},"end":{"line":35,"column":76}},"18":{"start":{"line":38,"column":8},"end":{"line":38,"column":36}},"19":{"start":{"line":41,"column":8},"end":{"line":41,"column":75}},"20":{"start":{"line":46,"column":0},"end":{"line":65,"column":2}},"21":{"start":{"line":48,"column":15},"end":{"line":48,"column":28}},"22":{"start":{"line":50,"column":4},"end":{"line":50,"column":36}},"23":{"start":{"line":53,"column":4},"end":{"line":55,"column":5}},"24":{"start":{"line":54,"column":8},"end":{"line":54,"column":63}},"25":{"start":{"line":57,"column":4},"end":{"line":64,"column":6}},"26":{"start":{"line":58,"column":8},"end":{"line":63,"column":9}},"27":{"start":{"line":59,"column":12},"end":{"line":59,"column":60}},"28":{"start":{"line":60,"column":12},"end":{"line":60,"column":71}},"29":{"start":{"line":62,"column":12},"end":{"line":62,"column":43}},"30":{"start":{"line":68,"column":0},"end":{"line":89,"column":3}},"31":{"start":{"line":69,"column":15},"end":{"line":69,"column":28}},"32":{"start":{"line":71,"column":4},"end":{"line":71,"column":36}},"33":{"start":{"line":74,"column":4},"end":{"line":76,"column":5}},"34":{"start":{"line":75,"column":8},"end":{"line":75,"column":63}},"35":{"start":{"line":78,"column":4},"end":{"line":88,"column":7}},"36":{"start":{"line":79,"column":8},"end":{"line":81,"column":9}},"37":{"start":{"line":80,"column":12},"end":{"line":80,"column":81}},"38":{"start":{"line":83,"column":8},"end":{"line":87,"column":9}},"39":{"start":{"line":84,"column":12},"end":{"line":84,"column":79}},"40":{"start":{"line":86,"column":12},"end":{"line":86,"column":67}},"41":{"start":{"line":92,"column":0},"end":{"line":118,"column":3}},"42":{"start":{"line":93,"column":4},"end":{"line":117,"column":5}},"43":{"start":{"line":95,"column":27},"end":{"line":109,"column":10}},"44":{"start":{"line":112,"column":30},"end":{"line":112,"column":55}},"45":{"start":{"line":114,"column":8},"end":{"line":114,"column":46}},"46":{"start":{"line":116,"column":8},"end":{"line":116,"column":36}},"47":{"start":{"line":120,"column":0},"end":{"line":120,"column":24}}},"fnMap":{"0":{"name":"(anonymous_0)","decl":{"start":{"line":13,"column":19},"end":{"line":13,"column":20}},"loc":{"start":{"line":13,"column":35},"end":{"line":20,"column":1}},"line":13},"1":{"name":"(anonymous_1)","decl":{"start":{"line":23,"column":27},"end":{"line":23,"column":28}},"loc":{"start":{"line":23,"column":43},"end":{"line":43,"column":1}},"line":23},"2":{"name":"(anonymous_2)","decl":{"start":{"line":46,"column":26},"end":{"line":46,"column":27}},"loc":{"start":{"line":46,"column":42},"end":{"line":65,"column":1}},"line":46},"3":{"name":"(anonymous_3)","decl":{"start":{"line":57,"column":42},"end":{"line":57,"column":43}},"loc":{"start":{"line":57,"column":61},"end":{"line":64,"column":5}},"line":57},"4":{"name":"(anonymous_4)","decl":{"start":{"line":68,"column":30},"end":{"line":68,"column":31}},"loc":{"start":{"line":68,"column":44},"end":{"line":89,"column":1}},"line":68},"5":{"name":"(anonymous_5)","decl":{"start":{"line":78,"column":47},"end":{"line":78,"column":48}},"loc":{"start":{"line":78,"column":69},"end":{"line":88,"column":5}},"line":78},"6":{"name":"(anonymous_6)","decl":{"start":{"line":92,"column":21},"end":{"line":92,"column":22}},"loc":{"start":{"line":92,"column":41},"end":{"line":118,"column":1}},"line":92}},"branchMap":{"0":{"loc":{"start":{"line":34,"column":8},"end":{"line":36,"column":9}},"type":"if","locations":[{"start":{"line":34,"column":8},"end":{"line":36,"column":9}},{"start":{},"end":{}}],"line":34},"1":{"loc":{"start":{"line":53,"column":4},"end":{"line":55,"column":5}},"type":"if","locations":[{"start":{"line":53,"column":4},"end":{"line":55,"column":5}},{"start":{},"end":{}}],"line":53},"2":{"loc":{"start":{"line":58,"column":8},"end":{"line":63,"column":9}},"type":"if","locations":[{"start":{"line":58,"column":8},"end":{"line":63,"column":9}},{"start":{"line":61,"column":13},"end":{"line":63,"column":9}}],"line":58},"3":{"loc":{"start":{"line":74,"column":4},"end":{"line":76,"column":5}},"type":"if","locations":[{"start":{"line":74,"column":4},"end":{"line":76,"column":5}},{"start":{},"end":{}}],"line":74},"4":{"loc":{"start":{"line":79,"column":8},"end":{"line":81,"column":9}},"type":"if","locations":[{"start":{"line":79,"column":8},"end":{"line":81,"column":9}},{"start":{},"end":{}}],"line":79},"5":{"loc":{"start":{"line":83,"column":8},"end":{"line":87,"column":9}},"type":"if","locations":[{"start":{"line":83,"column":8},"end":{"line":87,"column":9}},{"start":{"line":85,"column":15},"end":{"line":87,"column":9}}],"line":83}},"s":{"0":4,"1":4,"2":4,"3":4,"4":4,"5":4,"6":4,"7":4,"8":2,"9":2,"10":1,"11":1,"12":4,"13":3,"14":3,"15":3,"16":2,"17":1,"18":1,"19":1,"20":4,"21":3,"22":3,"23":3,"24":1,"25":2,"26":2,"27":1,"28":1,"29":1,"30":4,"31":4,"32":4,"33":4,"34":1,"35":3,"36":3,"37":1,"38":2,"39":1,"40":1,"41":4,"42":2,"43":2,"44":2,"45":1,"46":1,"47":4},"f":{"0":2,"1":3,"2":3,"3":2,"4":4,"5":3,"6":2},"b":{"0":[1,1],"1":[1,2],"2":[1,1],"3":[1,3],"4":[1,2],"5":[1,1]},"_coverageSchema":"1a1c01bbd47fc00a2c39e90264f33305004495a9","hash":"d8ffaea4696fccd262fb94a876cd15abae179179"}
,"C:\\AA_MAIN\\pruebas\\HappyPaws\\routes\\info.js": {"path":"C:\\AA_MAIN\\pruebas\\HappyPaws\\routes\\info.js","statementMap":{"0":{"start":{"line":1,"column":17},"end":{"line":1,"column":35}},"1":{"start":{"line":2,"column":15},"end":{"line":2,"column":23}},"2":{"start":{"line":5,"column":16},"end":{"line":5,"column":49}},"3":{"start":{"line":9,"column":0},"end":{"line":18,"column":3}},"4":{"start":{"line":10,"column":4},"end":{"line":17,"column":5}},"5":{"start":{"line":12,"column":22},"end":{"line":12,"column":42}},"6":{"start":{"line":13,"column":8},"end":{"line":13,"column":36}},"7":{"start":{"line":16,"column":8},"end":{"line":16,"column":80}},"8":{"start":{"line":21,"column":0},"end":{"line":40,"column":3}},"9":{"start":{"line":22,"column":4},"end":{"line":39,"column":5}},"10":{"start":{"line":24,"column":26},"end":{"line":24,"column":41}},"11":{"start":{"line":27,"column":21},"end":{"line":27,"column":63}},"12":{"start":{"line":30,"column":8},"end":{"line":32,"column":9}},"13":{"start":{"line":31,"column":12},"end":{"line":31,"column":86}},"14":{"start":{"line":35,"column":8},"end":{"line":35,"column":35}},"15":{"start":{"line":38,"column":8},"end":{"line":38,"column":92}},"16":{"start":{"line":42,"column":0},"end":{"line":42,"column":24}}},"fnMap":{"0":{"name":"(anonymous_0)","decl":{"start":{"line":9,"column":23},"end":{"line":9,"column":24}},"loc":{"start":{"line":9,"column":39},"end":{"line":18,"column":1}},"line":9},"1":{"name":"(anonymous_1)","decl":{"start":{"line":21,"column":29},"end":{"line":21,"column":30}},"loc":{"start":{"line":21,"column":45},"end":{"line":40,"column":1}},"line":21}},"branchMap":{"0":{"loc":{"start":{"line":30,"column":8},"end":{"line":32,"column":9}},"type":"if","locations":[{"start":{"line":30,"column":8},"end":{"line":32,"column":9}},{"start":{},"end":{}}],"line":30}},"s":{"0":4,"1":4,"2":4,"3":4,"4":2,"5":2,"6":1,"7":1,"8":4,"9":3,"10":3,"11":3,"12":2,"13":1,"14":1,"15":1,"16":4},"f":{"0":2,"1":3},"b":{"0":[1,1]},"_coverageSchema":"1a1c01bbd47fc00a2c39e90264f33305004495a9","hash":"954069eec78dce9b0b3a47b4c7894e1cd3931b0a"}
,"C:\\AA_MAIN\\pruebas\\HappyPaws\\routes\\users.js": {"path":"C:\\AA_MAIN\\pruebas\\HappyPaws\\routes\\users.js","statementMap":{"0":{"start":{"line":1,"column":17},"end":{"line":1,"column":35}},"1":{"start":{"line":2,"column":15},"end":{"line":2,"column":23}},"2":{"start":{"line":5,"column":13},"end":{"line":5,"column":43}},"3":{"start":{"line":8,"column":0},"end":{"line":15,"column":3}},"4":{"start":{"line":9,"column":4},"end":{"line":14,"column":5}},"5":{"start":{"line":10,"column":25},"end":{"line":10,"column":42}},"6":{"start":{"line":11,"column":8},"end":{"line":11,"column":39}},"7":{"start":{"line":13,"column":8},"end":{"line":13,"column":84}},"8":{"start":{"line":17,"column":0},"end":{"line":35,"column":3}},"9":{"start":{"line":18,"column":4},"end":{"line":34,"column":5}},"10":{"start":{"line":20,"column":23},"end":{"line":20,"column":40}},"11":{"start":{"line":23,"column":24},"end":{"line":23,"column":59}},"12":{"start":{"line":26,"column":8},"end":{"line":28,"column":9}},"13":{"start":{"line":27,"column":12},"end":{"line":27,"column":75}},"14":{"start":{"line":31,"column":8},"end":{"line":31,"column":38}},"15":{"start":{"line":33,"column":8},"end":{"line":33,"column":74}},"16":{"start":{"line":37,"column":0},"end":{"line":69,"column":5}},"17":{"start":{"line":38,"column":4},"end":{"line":68,"column":5}},"18":{"start":{"line":39,"column":21},"end":{"line":39,"column":38}},"19":{"start":{"line":40,"column":21},"end":{"line":40,"column":38}},"20":{"start":{"line":43,"column":22},"end":{"line":43,"column":60}},"21":{"start":{"line":46,"column":6},"end":{"line":48,"column":7}},"22":{"start":{"line":47,"column":8},"end":{"line":47,"column":74}},"23":{"start":{"line":51,"column":6},"end":{"line":64,"column":7}},"24":{"start":{"line":53,"column":8},"end":{"line":60,"column":11}},"25":{"start":{"line":63,"column":8},"end":{"line":63,"column":76}},"26":{"start":{"line":67,"column":6},"end":{"line":67,"column":76}},"27":{"start":{"line":72,"column":0},"end":{"line":94,"column":3}},"28":{"start":{"line":73,"column":4},"end":{"line":93,"column":5}},"29":{"start":{"line":75,"column":27},"end":{"line":82,"column":10}},"30":{"start":{"line":84,"column":31},"end":{"line":84,"column":76}},"31":{"start":{"line":86,"column":8},"end":{"line":86,"column":47}},"32":{"start":{"line":89,"column":30},"end":{"line":89,"column":55}},"33":{"start":{"line":90,"column":8},"end":{"line":90,"column":46}},"34":{"start":{"line":92,"column":8},"end":{"line":92,"column":36}},"35":{"start":{"line":97,"column":0},"end":{"line":115,"column":7}},"36":{"start":{"line":98,"column":19},"end":{"line":98,"column":36}},"37":{"start":{"line":100,"column":4},"end":{"line":114,"column":5}},"38":{"start":{"line":101,"column":34},"end":{"line":105,"column":9}},"39":{"start":{"line":107,"column":8},"end":{"line":109,"column":9}},"40":{"start":{"line":108,"column":8},"end":{"line":108,"column":74}},"41":{"start":{"line":111,"column":8},"end":{"line":111,"column":36}},"42":{"start":{"line":113,"column":8},"end":{"line":113,"column":55}},"43":{"start":{"line":118,"column":0},"end":{"line":137,"column":3}},"44":{"start":{"line":119,"column":4},"end":{"line":136,"column":5}},"45":{"start":{"line":120,"column":8},"end":{"line":120,"column":66}},"46":{"start":{"line":121,"column":23},"end":{"line":121,"column":40}},"47":{"start":{"line":122,"column":27},"end":{"line":122,"column":57}},"48":{"start":{"line":124,"column":35},"end":{"line":128,"column":9}},"49":{"start":{"line":130,"column":8},"end":{"line":132,"column":9}},"50":{"start":{"line":131,"column":8},"end":{"line":131,"column":74}},"51":{"start":{"line":133,"column":8},"end":{"line":133,"column":37}},"52":{"start":{"line":135,"column":8},"end":{"line":135,"column":72}},"53":{"start":{"line":139,"column":0},"end":{"line":139,"column":24}}},"fnMap":{"0":{"name":"(anonymous_0)","decl":{"start":{"line":8,"column":20},"end":{"line":8,"column":21}},"loc":{"start":{"line":8,"column":36},"end":{"line":15,"column":1}},"line":8},"1":{"name":"(anonymous_1)","decl":{"start":{"line":17,"column":28},"end":{"line":17,"column":29}},"loc":{"start":{"line":17,"column":44},"end":{"line":35,"column":1}},"line":17},"2":{"name":"(anonymous_2)","decl":{"start":{"line":37,"column":37},"end":{"line":37,"column":38}},"loc":{"start":{"line":37,"column":57},"end":{"line":69,"column":3}},"line":37},"3":{"name":"(anonymous_3)","decl":{"start":{"line":72,"column":21},"end":{"line":72,"column":22}},"loc":{"start":{"line":72,"column":37},"end":{"line":94,"column":1}},"line":72},"4":{"name":"(anonymous_4)","decl":{"start":{"line":97,"column":29},"end":{"line":97,"column":30}},"loc":{"start":{"line":97,"column":49},"end":{"line":115,"column":5}},"line":97},"5":{"name":"(anonymous_5)","decl":{"start":{"line":118,"column":40},"end":{"line":118,"column":41}},"loc":{"start":{"line":118,"column":60},"end":{"line":137,"column":1}},"line":118}},"branchMap":{"0":{"loc":{"start":{"line":26,"column":8},"end":{"line":28,"column":9}},"type":"if","locations":[{"start":{"line":26,"column":8},"end":{"line":28,"column":9}},{"start":{},"end":{}}],"line":26},"1":{"loc":{"start":{"line":46,"column":6},"end":{"line":48,"column":7}},"type":"if","locations":[{"start":{"line":46,"column":6},"end":{"line":48,"column":7}},{"start":{},"end":{}}],"line":46},"2":{"loc":{"start":{"line":51,"column":6},"end":{"line":64,"column":7}},"type":"if","locations":[{"start":{"line":51,"column":6},"end":{"line":64,"column":7}},{"start":{"line":61,"column":13},"end":{"line":64,"column":7}}],"line":51},"3":{"loc":{"start":{"line":107,"column":8},"end":{"line":109,"column":9}},"type":"if","locations":[{"start":{"line":107,"column":8},"end":{"line":109,"column":9}},{"start":{},"end":{}}],"line":107},"4":{"loc":{"start":{"line":130,"column":8},"end":{"line":132,"column":9}},"type":"if","locations":[{"start":{"line":130,"column":8},"end":{"line":132,"column":9}},{"start":{},"end":{}}],"line":130}},"s":{"0":4,"1":4,"2":4,"3":4,"4":2,"5":2,"6":1,"7":1,"8":4,"9":3,"10":3,"11":3,"12":2,"13":1,"14":1,"15":1,"16":4,"17":4,"18":4,"19":4,"20":4,"21":3,"22":1,"23":2,"24":1,"25":1,"26":1,"27":4,"28":2,"29":2,"30":2,"31":2,"32":2,"33":1,"34":1,"35":4,"36":3,"37":3,"38":3,"39":2,"40":1,"41":1,"42":1,"43":4,"44":3,"45":3,"46":3,"47":3,"48":3,"49":2,"50":1,"51":1,"52":1,"53":4},"f":{"0":2,"1":3,"2":4,"3":2,"4":3,"5":3},"b":{"0":[1,1],"1":[1,2],"2":[1,1],"3":[1,1],"4":[1,1]},"_coverageSchema":"1a1c01bbd47fc00a2c39e90264f33305004495a9","hash":"4841e3ee13c33056e43d16b36d92c8d830492620"}
}
