TN:
SF:app.js
FNF:0
FNH:0
DA:1,4
DA:3,4
DA:7,4
DA:10,4
DA:13,4
DA:15,4
DA:16,4
DA:17,4
DA:20,4
DA:21,4
DA:22,4
DA:23,4
DA:24,4
DA:26,4
LF:14
LH:14
BRF:0
BRH:0
end_of_record
TN:
SF:database.js
FN:6,(anonymous_0)
FN:10,(anonymous_1)
FNF:2
FNH:1
FNDA:3,(anonymous_0)
FNDA:0,(anonymous_1)
DA:1,3
DA:2,3
DA:4,3
DA:6,3
DA:7,3
DA:8,3
DA:10,3
DA:11,0
DA:12,0
DA:15,3
DA:18,3
LF:11
LH:9
BRF:0
BRH:0
end_of_record
TN:
SF:models\AdminModel.js
FNF:0
FNH:0
DA:2,4
DA:5,4
DA:33,4
LF:3
LH:3
BRF:0
BRH:0
end_of_record
TN:
SF:models\DogModel.js
FNF:0
FNH:0
DA:2,4
DA:5,4
DA:8,4
DA:64,4
LF:4
LH:4
BRF:0
BRH:0
end_of_record
TN:
SF:models\InfodogModel.js
FNF:0
FNH:0
DA:2,4
DA:5,4
DA:36,4
LF:3
LH:3
BRF:0
BRH:0
end_of_record
TN:
SF:models\UserModel.js
FN:36,(anonymous_0)
FN:42,(anonymous_1)
FNF:2
FNH:0
FNDA:0,(anonymous_0)
FNDA:0,(anonymous_1)
DA:2,4
DA:5,4
DA:8,4
DA:36,4
DA:37,0
DA:39,0
DA:42,4
DA:45,0
DA:49,4
LF:9
LH:6
BRF:0
BRH:0
end_of_record
TN:
SF:routes\admin.js
FN:8,(anonymous_0)
FN:18,(anonymous_1)
FN:38,(anonymous_2)
FNF:3
FNH:3
FNDA:2,(anonymous_0)
FNDA:3,(anonymous_1)
FNDA:3,(anonymous_2)
DA:1,4
DA:2,4
DA:5,4
DA:8,4
DA:9,2
DA:10,2
DA:11,1
DA:13,1
DA:18,4
DA:19,3
DA:21,3
DA:24,3
DA:27,2
DA:28,1
DA:32,1
DA:34,1
DA:38,4
DA:39,3
DA:41,3
DA:50,3
DA:51,1
DA:53,2
DA:57,4
LF:23
LH:23
BRDA:27,0,0,1
BRDA:27,0,1,1
BRF:2
BRH:2
end_of_record
TN:
SF:routes\archivos.js
FN:7,(anonymous_0)
FN:10,(anonymous_1)
FN:19,(anonymous_2)
FNF:3
FNH:3
FNDA:1,(anonymous_0)
FNDA:1,(anonymous_1)
FNDA:1,(anonymous_2)
DA:1,5
DA:2,5
DA:3,5
DA:4,5
DA:6,5
DA:8,1
DA:11,1
DA:16,5
DA:19,5
DA:20,1
DA:21,1
DA:23,1
DA:26,5
LF:13
LH:13
BRF:0
BRH:0
end_of_record
TN:
SF:routes\dogs.js
FN:13,(anonymous_0)
FN:23,(anonymous_1)
FN:46,(anonymous_2)
FN:57,(anonymous_3)
FN:68,(anonymous_4)
FN:78,(anonymous_5)
FN:92,(anonymous_6)
FNF:7
FNH:7
FNDA:2,(anonymous_0)
FNDA:3,(anonymous_1)
FNDA:3,(anonymous_2)
FNDA:2,(anonymous_3)
FNDA:4,(anonymous_4)
FNDA:3,(anonymous_5)
FNDA:2,(anonymous_6)
DA:1,4
DA:2,4
DA:4,4
DA:5,4
DA:6,4
DA:7,4
DA:10,4
DA:13,4
DA:14,2
DA:15,2
DA:16,1
DA:18,1
DA:23,4
DA:24,3
DA:26,3
DA:29,3
DA:34,2
DA:35,1
DA:38,1
DA:41,1
DA:46,4
DA:48,3
DA:50,3
DA:53,3
DA:54,1
DA:57,2
DA:58,2
DA:59,1
DA:60,1
DA:62,1
DA:68,4
DA:69,4
DA:71,4
DA:74,4
DA:75,1
DA:78,3
DA:79,3
DA:80,1
DA:83,2
DA:84,1
DA:86,1
DA:92,4
DA:93,2
DA:95,2
DA:112,2
DA:114,1
DA:116,1
DA:120,4
LF:48
LH:48
BRDA:34,0,0,1
BRDA:34,0,1,1
BRDA:53,1,0,1
BRDA:53,1,1,2
BRDA:58,2,0,1
BRDA:58,2,1,1
BRDA:74,3,0,1
BRDA:74,3,1,3
BRDA:79,4,0,1
BRDA:79,4,1,2
BRDA:83,5,0,1
BRDA:83,5,1,1
BRF:12
BRH:12
end_of_record
TN:
SF:routes\info.js
FN:9,(anonymous_0)
FN:21,(anonymous_1)
FNF:2
FNH:2
FNDA:2,(anonymous_0)
FNDA:3,(anonymous_1)
DA:1,4
DA:2,4
DA:5,4
DA:9,4
DA:10,2
DA:12,2
DA:13,1
DA:16,1
DA:21,4
DA:22,3
DA:24,3
DA:27,3
DA:30,2
DA:31,1
DA:35,1
DA:38,1
DA:42,4
LF:17
LH:17
BRDA:30,0,0,1
BRDA:30,0,1,1
BRF:2
BRH:2
end_of_record
TN:
SF:routes\users.js
FN:8,(anonymous_0)
FN:17,(anonymous_1)
FN:37,(anonymous_2)
FN:72,(anonymous_3)
FN:97,(anonymous_4)
FN:118,(anonymous_5)
FNF:6
FNH:6
FNDA:2,(anonymous_0)
FNDA:3,(anonymous_1)
FNDA:4,(anonymous_2)
FNDA:2,(anonymous_3)
FNDA:3,(anonymous_4)
FNDA:3,(anonymous_5)
DA:1,4
DA:2,4
DA:5,4
DA:8,4
DA:9,2
DA:10,2
DA:11,1
DA:13,1
DA:17,4
DA:18,3
DA:20,3
DA:23,3
DA:26,2
DA:27,1
DA:31,1
DA:33,1
DA:37,4
DA:38,4
DA:39,4
DA:40,4
DA:43,4
DA:46,3
DA:47,1
DA:51,2
DA:53,1
DA:63,1
DA:67,1
DA:72,4
DA:73,2
DA:75,2
DA:84,2
DA:86,2
DA:89,2
DA:90,1
DA:92,1
DA:97,4
DA:98,3
DA:100,3
DA:101,3
DA:107,2
DA:108,1
DA:111,1
DA:113,1
DA:118,4
DA:119,3
DA:120,3
DA:121,3
DA:122,3
DA:124,3
DA:130,2
DA:131,1
DA:133,1
DA:135,1
DA:139,4
LF:54
LH:54
BRDA:26,0,0,1
BRDA:26,0,1,1
BRDA:46,1,0,1
BRDA:46,1,1,2
BRDA:51,2,0,1
BRDA:51,2,1,1
BRDA:107,3,0,1
BRDA:107,3,1,1
BRDA:130,4,0,1
BRDA:130,4,1,1
BRF:10
BRH:10
end_of_record
